<?xml version="1.0" encoding="UTF-8"?>
<testsuite name="com.example.springsecurity.controller.ProductControllerTest" tests="9" skipped="0" failures="0" errors="0" timestamp="2024-07-30T06:30:23" hostname="E-AA-2Y5HDK3-L" time="38.109">
  <properties/>
  <testcase name="testGetDiscountedProduct()" classname="com.example.springsecurity.controller.ProductControllerTest" time="4.17"/>
  <testcase name="getProductRating()" classname="com.example.springsecurity.controller.ProductControllerTest" time="3.692"/>
  <testcase name="testUpdateProduct_AdminRole_Success()" classname="com.example.springsecurity.controller.ProductControllerTest" time="4.286"/>
  <testcase name="testChangeProductImages()" classname="com.example.springsecurity.controller.ProductControllerTest" time="4.073"/>
  <testcase name="testGetProductById()" classname="com.example.springsecurity.controller.ProductControllerTest" time="4.087"/>
  <testcase name="testDeleteProduct()" classname="com.example.springsecurity.controller.ProductControllerTest" time="4.214"/>
  <testcase name="testAddProductToCategory_AdminRole_Success()" classname="com.example.springsecurity.controller.ProductControllerTest" time="4.026"/>
  <testcase name="testGetAllProducts()" classname="com.example.springsecurity.controller.ProductControllerTest" time="4.596"/>
  <testcase name="testSearchProductByName()" classname="com.example.springsecurity.controller.ProductControllerTest" time="4.962"/>
  <system-out><![CDATA[2024-07-30T10:30:23.198+04:00  INFO 2876 --- [    Test worker] t.c.s.AnnotationConfigContextLoaderUtils : Could not detect default configuration classes for test class [com.example.springsecurity.controller.ProductControllerTest]: ProductControllerTest does not declare any static, non-private, non-final, nested classes annotated with @Configuration.
2024-07-30T10:30:23.201+04:00  INFO 2876 --- [    Test worker] .b.t.c.SpringBootTestContextBootstrapper : Found @SpringBootConfiguration com.example.springsecurity.GatewayappApplication for test class com.example.springsecurity.controller.ProductControllerTest
2024-07-30T10:30:23.222+04:00  INFO 2876 --- [    Test worker] j.LocalContainerEntityManagerFactoryBean : Closing JPA EntityManagerFactory for persistence unit 'default'
2024-07-30T10:30:23.223+04:00 DEBUG 2876 --- [    Test worker] org.hibernate.SQL                        : 
    drop table if exists category_test cascade 
Hibernate: 
    drop table if exists category_test cascade 
2024-07-30T10:30:23.223+04:00 DEBUG 2876 --- [    Test worker] org.hibernate.SQL                        : 
    drop table if exists customer cascade 
Hibernate: 
    drop table if exists customer cascade 
2024-07-30T10:30:23.223+04:00 DEBUG 2876 --- [    Test worker] org.hibernate.SQL                        : 
    drop table if exists customer_discount cascade 
Hibernate: 
    drop table if exists customer_discount cascade 
2024-07-30T10:30:23.223+04:00 DEBUG 2876 --- [    Test worker] org.hibernate.SQL                        : 
    drop table if exists customer_card_details cascade 
Hibernate: 
    drop table if exists customer_card_details cascade 
2024-07-30T10:30:23.223+04:00 DEBUG 2876 --- [    Test worker] org.hibernate.SQL                        : 
    drop table if exists order_product cascade 
Hibernate: 
    drop table if exists order_product cascade 
2024-07-30T10:30:23.223+04:00 DEBUG 2876 --- [    Test worker] org.hibernate.SQL                        : 
    drop table if exists order_test cascade 
Hibernate: 
    drop table if exists order_test cascade 
2024-07-30T10:30:23.224+04:00 DEBUG 2876 --- [    Test worker] org.hibernate.SQL                        : 
    drop table if exists payment cascade 
Hibernate: 
    drop table if exists payment cascade 
2024-07-30T10:30:23.224+04:00 DEBUG 2876 --- [    Test worker] org.hibernate.SQL                        : 
    drop table if exists product_test cascade 
Hibernate: 
    drop table if exists product_test cascade 
2024-07-30T10:30:23.225+04:00 DEBUG 2876 --- [    Test worker] org.hibernate.SQL                        : 
    drop table if exists rating cascade 
Hibernate: 
    drop table if exists rating cascade 
2024-07-30T10:30:23.225+04:00 DEBUG 2876 --- [    Test worker] org.hibernate.SQL                        : 
    drop table if exists users_test cascade 
Hibernate: 
    drop table if exists users_test cascade 
2024-07-30T10:30:23.225+04:00 DEBUG 2876 --- [    Test worker] org.hibernate.SQL                        : 
    drop table if exists wishlist cascade 
Hibernate: 
    drop table if exists wishlist cascade 
2024-07-30T10:30:23.225+04:00 DEBUG 2876 --- [    Test worker] org.hibernate.SQL                        : 
    drop table if exists wishlist_item cascade 
Hibernate: 
    drop table if exists wishlist_item cascade 
2024-07-30T10:30:23.227+04:00  INFO 2876 --- [    Test worker] com.zaxxer.hikari.HikariDataSource       : HikariPool-29 - Shutdown initiated...
2024-07-30T10:30:23.228+04:00  INFO 2876 --- [    Test worker] com.zaxxer.hikari.HikariDataSource       : HikariPool-29 - Shutdown completed.

  .   ____          _            __ _ _
 /\\ / ___'_ __ _ _(_)_ __  __ _ \ \ \ \
( ( )\___ | '_ | '_| | '_ \/ _` | \ \ \ \
 \\/  ___)| |_)| | | | | || (_| |  ) ) ) )
  '  |____| .__|_| |_|_| |_\__, | / / / /
 =========|_|==============|___/=/_/_/_/
 :: Spring Boot ::                (v3.2.3)

2024-07-30T10:30:23.457+04:00  INFO 2876 --- [    Test worker] c.e.s.controller.ProductControllerTest   : Starting ProductControllerTest using Java 17.0.11 with PID 2876 (started by mameh1 in C:\Users\mameh1\Downloads\projects\spring-security\gatewayapp)
2024-07-30T10:30:23.458+04:00  INFO 2876 --- [    Test worker] c.e.s.controller.ProductControllerTest   : The following 4 profiles are active: "db", "actuator", "google", "integration"
2024-07-30T10:30:24.343+04:00  INFO 2876 --- [    Test worker] .s.d.r.c.RepositoryConfigurationDelegate : Bootstrapping Spring Data JPA repositories in DEFAULT mode.
2024-07-30T10:30:24.471+04:00  INFO 2876 --- [    Test worker] .s.d.r.c.RepositoryConfigurationDelegate : Finished Spring Data repository scanning in 128 ms. Found 12 JPA repository interfaces.
2024-07-30T10:30:24.555+04:00  INFO 2876 --- [    Test worker] o.s.cloud.context.scope.GenericScope     : BeanFactory id=fdf0a751-b714-323a-ae6a-061dba5ac89f
2024-07-30T10:30:24.628+04:00  WARN 2876 --- [    Test worker] trationDelegate$BeanPostProcessorChecker : Bean 'org.springframework.cloud.client.loadbalancer.LoadBalancerAutoConfiguration$LoadBalancerInterceptorConfig' of type [org.springframework.cloud.client.loadbalancer.LoadBalancerAutoConfiguration$LoadBalancerInterceptorConfig] is not eligible for getting processed by all BeanPostProcessors (for example: not eligible for auto-proxying). The currently created BeanPostProcessor [lbRestClientPostProcessor] is declared through a non-static factory method on that class; consider declaring it as static instead.
2024-07-30T10:30:24.631+04:00  WARN 2876 --- [    Test worker] trationDelegate$BeanPostProcessorChecker : Bean 'org.springframework.cloud.loadbalancer.config.BlockingLoadBalancerClientAutoConfiguration' of type [org.springframework.cloud.loadbalancer.config.BlockingLoadBalancerClientAutoConfiguration] is not eligible for getting processed by all BeanPostProcessors (for example: not eligible for auto-proxying). Is this bean getting eagerly injected into a currently created BeanPostProcessor [lbRestClientPostProcessor]? Check the corresponding BeanPostProcessor declaration and its dependencies.
2024-07-30T10:30:24.633+04:00  WARN 2876 --- [    Test worker] trationDelegate$BeanPostProcessorChecker : Bean 'org.springframework.cloud.loadbalancer.config.LoadBalancerAutoConfiguration' of type [org.springframework.cloud.loadbalancer.config.LoadBalancerAutoConfiguration] is not eligible for getting processed by all BeanPostProcessors (for example: not eligible for auto-proxying). Is this bean getting eagerly injected into a currently created BeanPostProcessor [lbRestClientPostProcessor]? Check the corresponding BeanPostProcessor declaration and its dependencies.
2024-07-30T10:30:24.637+04:00  WARN 2876 --- [    Test worker] trationDelegate$BeanPostProcessorChecker : Bean 'org.springframework.cloud.commons.config.CommonsConfigAutoConfiguration' of type [org.springframework.cloud.commons.config.CommonsConfigAutoConfiguration] is not eligible for getting processed by all BeanPostProcessors (for example: not eligible for auto-proxying). Is this bean getting eagerly injected into a currently created BeanPostProcessor [lbRestClientPostProcessor]? Check the corresponding BeanPostProcessor declaration and its dependencies.
2024-07-30T10:30:24.639+04:00  WARN 2876 --- [    Test worker] trationDelegate$BeanPostProcessorChecker : Bean 'org.springframework.cloud.client.loadbalancer.LoadBalancerDefaultMappingsProviderAutoConfiguration' of type [org.springframework.cloud.client.loadbalancer.LoadBalancerDefaultMappingsProviderAutoConfiguration] is not eligible for getting processed by all BeanPostProcessors (for example: not eligible for auto-proxying). Is this bean getting eagerly injected into a currently created BeanPostProcessor [lbRestClientPostProcessor]? Check the corresponding BeanPostProcessor declaration and its dependencies.
2024-07-30T10:30:24.640+04:00  WARN 2876 --- [    Test worker] trationDelegate$BeanPostProcessorChecker : Bean 'loadBalancerClientsDefaultsMappingsProvider' of type [org.springframework.cloud.client.loadbalancer.LoadBalancerDefaultMappingsProviderAutoConfiguration$$Lambda$1032/0x000002791c5e3010] is not eligible for getting processed by all BeanPostProcessors (for example: not eligible for auto-proxying). Is this bean getting eagerly injected into a currently created BeanPostProcessor [lbRestClientPostProcessor]? Check the corresponding BeanPostProcessor declaration and its dependencies.
2024-07-30T10:30:24.644+04:00  WARN 2876 --- [    Test worker] trationDelegate$BeanPostProcessorChecker : Bean 'defaultsBindHandlerAdvisor' of type [org.springframework.cloud.commons.config.DefaultsBindHandlerAdvisor] is not eligible for getting processed by all BeanPostProcessors (for example: not eligible for auto-proxying). Is this bean getting eagerly injected into a currently created BeanPostProcessor [lbRestClientPostProcessor]? Check the corresponding BeanPostProcessor declaration and its dependencies.
2024-07-30T10:30:24.649+04:00  WARN 2876 --- [    Test worker] trationDelegate$BeanPostProcessorChecker : Bean 'spring.cloud.loadbalancer-org.springframework.cloud.client.loadbalancer.LoadBalancerClientsProperties' of type [org.springframework.cloud.client.loadbalancer.LoadBalancerClientsProperties] is not eligible for getting processed by all BeanPostProcessors (for example: not eligible for auto-proxying). Is this bean getting eagerly injected into a currently created BeanPostProcessor [lbRestClientPostProcessor]? Check the corresponding BeanPostProcessor declaration and its dependencies.
2024-07-30T10:30:24.653+04:00  WARN 2876 --- [    Test worker] trationDelegate$BeanPostProcessorChecker : Bean 'default.org.springframework.cloud.loadbalancer.config.LoadBalancerAutoConfiguration.LoadBalancerClientSpecification' of type [org.springframework.cloud.loadbalancer.annotation.LoadBalancerClientSpecification] is not eligible for getting processed by all BeanPostProcessors (for example: not eligible for auto-proxying). Is this bean getting eagerly injected into a currently created BeanPostProcessor [lbRestClientPostProcessor]? Check the corresponding BeanPostProcessor declaration and its dependencies.
2024-07-30T10:30:24.654+04:00  WARN 2876 --- [    Test worker] trationDelegate$BeanPostProcessorChecker : Bean 'default.org.springframework.cloud.loadbalancer.config.BlockingLoadBalancerClientAutoConfiguration.LoadBalancerClientSpecification' of type [org.springframework.cloud.loadbalancer.annotation.LoadBalancerClientSpecification] is not eligible for getting processed by all BeanPostProcessors (for example: not eligible for auto-proxying). Is this bean getting eagerly injected into a currently created BeanPostProcessor [lbRestClientPostProcessor]? Check the corresponding BeanPostProcessor declaration and its dependencies.
2024-07-30T10:30:24.655+04:00  WARN 2876 --- [    Test worker] trationDelegate$BeanPostProcessorChecker : Bean 'loadBalancerClientFactory' of type [org.springframework.cloud.loadbalancer.support.LoadBalancerClientFactory] is not eligible for getting processed by all BeanPostProcessors (for example: not eligible for auto-proxying). Is this bean getting eagerly injected into a currently created BeanPostProcessor [lbRestClientPostProcessor]? Check the corresponding BeanPostProcessor declaration and its dependencies.
2024-07-30T10:30:24.658+04:00  WARN 2876 --- [    Test worker] trationDelegate$BeanPostProcessorChecker : Bean 'blockingLoadBalancerClient' of type [org.springframework.cloud.loadbalancer.blocking.client.BlockingLoadBalancerClient] is not eligible for getting processed by all BeanPostProcessors (for example: not eligible for auto-proxying). Is this bean getting eagerly injected into a currently created BeanPostProcessor [lbRestClientPostProcessor]? Check the corresponding BeanPostProcessor declaration and its dependencies.
2024-07-30T10:30:24.664+04:00  WARN 2876 --- [    Test worker] trationDelegate$BeanPostProcessorChecker : Bean 'loadBalancerServiceInstanceCookieTransformer' of type [org.springframework.cloud.loadbalancer.core.LoadBalancerServiceInstanceCookieTransformer] is not eligible for getting processed by all BeanPostProcessors (for example: not eligible for auto-proxying). Is this bean getting eagerly injected into a currently created BeanPostProcessor [lbRestClientPostProcessor]? Check the corresponding BeanPostProcessor declaration and its dependencies.
2024-07-30T10:30:24.666+04:00  WARN 2876 --- [    Test worker] trationDelegate$BeanPostProcessorChecker : Bean 'xForwarderHeadersTransformer' of type [org.springframework.cloud.loadbalancer.blocking.XForwardedHeadersTransformer] is not eligible for getting processed by all BeanPostProcessors (for example: not eligible for auto-proxying). Is this bean getting eagerly injected into a currently created BeanPostProcessor [lbRestClientPostProcessor]? Check the corresponding BeanPostProcessor declaration and its dependencies.
2024-07-30T10:30:24.667+04:00  WARN 2876 --- [    Test worker] trationDelegate$BeanPostProcessorChecker : Bean 'org.springframework.cloud.client.loadbalancer.LoadBalancerAutoConfiguration' of type [org.springframework.cloud.client.loadbalancer.LoadBalancerAutoConfiguration] is not eligible for getting processed by all BeanPostProcessors (for example: not eligible for auto-proxying). Is this bean getting eagerly injected into a currently created BeanPostProcessor [lbRestClientPostProcessor]? Check the corresponding BeanPostProcessor declaration and its dependencies.
2024-07-30T10:30:24.668+04:00  WARN 2876 --- [    Test worker] trationDelegate$BeanPostProcessorChecker : Bean 'loadBalancerRequestFactory' of type [org.springframework.cloud.client.loadbalancer.LoadBalancerRequestFactory] is not eligible for getting processed by all BeanPostProcessors (for example: not eligible for auto-proxying). Is this bean getting eagerly injected into a currently created BeanPostProcessor [lbRestClientPostProcessor]? Check the corresponding BeanPostProcessor declaration and its dependencies.
2024-07-30T10:30:24.669+04:00  WARN 2876 --- [    Test worker] trationDelegate$BeanPostProcessorChecker : Bean 'loadBalancerInterceptor' of type [org.springframework.cloud.client.loadbalancer.LoadBalancerInterceptor] is not eligible for getting processed by all BeanPostProcessors (for example: not eligible for auto-proxying). Is this bean getting eagerly injected into a currently created BeanPostProcessor [lbRestClientPostProcessor]? Check the corresponding BeanPostProcessor declaration and its dependencies.
2024-07-30T10:30:24.671+04:00  WARN 2876 --- [    Test worker] trationDelegate$BeanPostProcessorChecker : Bean 'org.springframework.cloud.client.loadbalancer.reactive.LoadBalancerBeanPostProcessorAutoConfiguration' of type [org.springframework.cloud.client.loadbalancer.reactive.LoadBalancerBeanPostProcessorAutoConfiguration] is not eligible for getting processed by all BeanPostProcessors (for example: not eligible for auto-proxying). The currently created BeanPostProcessor [loadBalancerWebClientBuilderBeanPostProcessor] is declared through a non-static factory method on that class; consider declaring it as static instead.
2024-07-30T10:30:24.673+04:00  WARN 2876 --- [    Test worker] trationDelegate$BeanPostProcessorChecker : Bean 'org.springframework.cloud.client.loadbalancer.reactive.LoadBalancerBeanPostProcessorAutoConfiguration$ReactorDeferringLoadBalancerFilterConfig' of type [org.springframework.cloud.client.loadbalancer.reactive.LoadBalancerBeanPostProcessorAutoConfiguration$ReactorDeferringLoadBalancerFilterConfig] is not eligible for getting processed by all BeanPostProcessors (for example: not eligible for auto-proxying). Is this bean getting eagerly injected into a currently created BeanPostProcessor [loadBalancerWebClientBuilderBeanPostProcessor]? Check the corresponding BeanPostProcessor declaration and its dependencies.
2024-07-30T10:30:24.674+04:00  WARN 2876 --- [    Test worker] trationDelegate$BeanPostProcessorChecker : Bean 'reactorDeferringLoadBalancerExchangeFilterFunction' of type [org.springframework.cloud.client.loadbalancer.reactive.DeferringLoadBalancerExchangeFilterFunction] is not eligible for getting processed by all BeanPostProcessors (for example: not eligible for auto-proxying). Is this bean getting eagerly injected into a currently created BeanPostProcessor [loadBalancerWebClientBuilderBeanPostProcessor]? Check the corresponding BeanPostProcessor declaration and its dependencies.
2024-07-30T10:30:24.752+04:00  INFO 2876 --- [    Test worker] o.s.b.w.embedded.tomcat.TomcatWebServer  : Tomcat initialized with port 0 (http)
2024-07-30T10:30:24.752+04:00  INFO 2876 --- [    Test worker] o.apache.catalina.core.StandardService   : Starting service [Tomcat]
2024-07-30T10:30:24.752+04:00  INFO 2876 --- [    Test worker] o.apache.catalina.core.StandardEngine    : Starting Servlet engine: [Apache Tomcat/10.1.19]
2024-07-30T10:30:24.827+04:00  INFO 2876 --- [    Test worker] o.a.c.c.C.[Tomcat-2].[localhost].[/]     : Initializing Spring embedded WebApplicationContext
2024-07-30T10:30:24.827+04:00  INFO 2876 --- [    Test worker] w.s.c.ServletWebServerApplicationContext : Root WebApplicationContext: initialization completed in 1367 ms
2024-07-30T10:30:24.950+04:00  INFO 2876 --- [    Test worker] o.hibernate.jpa.internal.util.LogHelper  : HHH000204: Processing PersistenceUnitInfo [name: default]
2024-07-30T10:30:24.958+04:00  INFO 2876 --- [    Test worker] o.h.c.internal.RegionFactoryInitiator    : HHH000026: Second-level cache disabled
2024-07-30T10:30:24.968+04:00  INFO 2876 --- [    Test worker] o.s.o.j.p.SpringPersistenceUnitInfo      : No LoadTimeWeaver setup: ignoring JPA class transformer
2024-07-30T10:30:24.970+04:00  INFO 2876 --- [    Test worker] com.zaxxer.hikari.HikariDataSource       : HikariPool-30 - Starting...
2024-07-30T10:30:24.971+04:00  INFO 2876 --- [    Test worker] com.zaxxer.hikari.pool.HikariPool        : HikariPool-30 - Added connection conn290: url=jdbc:h2:mem:demo user=POSTGRES
2024-07-30T10:30:24.971+04:00  INFO 2876 --- [    Test worker] com.zaxxer.hikari.HikariDataSource       : HikariPool-30 - Start completed.
2024-07-30T10:30:24.971+04:00  WARN 2876 --- [    Test worker] org.hibernate.orm.deprecation            : HHH90000025: H2Dialect does not need to be specified explicitly using 'hibernate.dialect' (remove the property setting and it will be selected by default)
2024-07-30T10:30:25.137+04:00  INFO 2876 --- [    Test worker] o.h.e.t.j.p.i.JtaPlatformInitiator       : HHH000489: No JTA platform available (set 'hibernate.transaction.jta.platform' to enable JTA platform integration)
2024-07-30T10:30:25.137+04:00 DEBUG 2876 --- [    Test worker] org.hibernate.SQL                        : 
    drop table if exists category_test cascade 
Hibernate: 
    drop table if exists category_test cascade 
2024-07-30T10:30:25.137+04:00 DEBUG 2876 --- [    Test worker] org.hibernate.SQL                        : 
    drop table if exists customer cascade 
Hibernate: 
    drop table if exists customer cascade 
2024-07-30T10:30:25.137+04:00 DEBUG 2876 --- [    Test worker] org.hibernate.SQL                        : 
    drop table if exists customer_discount cascade 
Hibernate: 
    drop table if exists customer_discount cascade 
2024-07-30T10:30:25.137+04:00 DEBUG 2876 --- [    Test worker] org.hibernate.SQL                        : 
    drop table if exists customer_card_details cascade 
Hibernate: 
    drop table if exists customer_card_details cascade 
2024-07-30T10:30:25.137+04:00 DEBUG 2876 --- [    Test worker] org.hibernate.SQL                        : 
    drop table if exists order_product cascade 
Hibernate: 
    drop table if exists order_product cascade 
2024-07-30T10:30:25.137+04:00 DEBUG 2876 --- [    Test worker] org.hibernate.SQL                        : 
    drop table if exists order_test cascade 
Hibernate: 
    drop table if exists order_test cascade 
2024-07-30T10:30:25.137+04:00 DEBUG 2876 --- [    Test worker] org.hibernate.SQL                        : 
    drop table if exists payment cascade 
Hibernate: 
    drop table if exists payment cascade 
2024-07-30T10:30:25.138+04:00 DEBUG 2876 --- [    Test worker] org.hibernate.SQL                        : 
    drop table if exists product_test cascade 
Hibernate: 
    drop table if exists product_test cascade 
2024-07-30T10:30:25.138+04:00 DEBUG 2876 --- [    Test worker] org.hibernate.SQL                        : 
    drop table if exists rating cascade 
Hibernate: 
    drop table if exists rating cascade 
2024-07-30T10:30:25.139+04:00 DEBUG 2876 --- [    Test worker] org.hibernate.SQL                        : 
    drop table if exists users_test cascade 
Hibernate: 
    drop table if exists users_test cascade 
2024-07-30T10:30:25.139+04:00 DEBUG 2876 --- [    Test worker] org.hibernate.SQL                        : 
    drop table if exists wishlist cascade 
Hibernate: 
    drop table if exists wishlist cascade 
2024-07-30T10:30:25.140+04:00 DEBUG 2876 --- [    Test worker] org.hibernate.SQL                        : 
    drop table if exists wishlist_item cascade 
Hibernate: 
    drop table if exists wishlist_item cascade 
2024-07-30T10:30:25.142+04:00 DEBUG 2876 --- [    Test worker] org.hibernate.SQL                        : 
    create table category_test (
        is_deleted boolean not null,
        category_id bigint generated by default as identity,
        description varchar(255),
        name varchar(255),
        primary key (category_id)
    )
Hibernate: 
    create table category_test (
        is_deleted boolean not null,
        category_id bigint generated by default as identity,
        description varchar(255),
        name varchar(255),
        primary key (category_id)
    )
2024-07-30T10:30:25.144+04:00 DEBUG 2876 --- [    Test worker] org.hibernate.SQL                        : 
    create table customer (
        balance numeric(38,2),
        id bigint generated by default as identity,
        registered_at timestamp(6),
        user_id bigint unique,
        wishlist_id bigint unique,
        address varchar(255),
        name varchar(255),
        surname varchar(255),
        primary key (id)
    )
Hibernate: 
    create table customer (
        balance numeric(38,2),
        id bigint generated by default as identity,
        registered_at timestamp(6),
        user_id bigint unique,
        wishlist_id bigint unique,
        address varchar(255),
        name varchar(255),
        surname varchar(255),
        primary key (id)
    )
2024-07-30T10:30:25.145+04:00 DEBUG 2876 --- [    Test worker] org.hibernate.SQL                        : 
    create table customer_discount (
        dice_rolled boolean not null,
        die1 integer not null,
        die2 integer not null,
        discount numeric(38,2),
        discount_price numeric(38,2),
        customer_id bigint unique,
        expires_at timestamp(6),
        id bigint generated by default as identity,
        product_id bigint,
        primary key (id),
        unique (customer_id, product_id)
    )
Hibernate: 
    create table customer_discount (
        dice_rolled boolean not null,
        die1 integer not null,
        die2 integer not null,
        discount numeric(38,2),
        discount_price numeric(38,2),
        customer_id bigint unique,
        expires_at timestamp(6),
        id bigint generated by default as identity,
        product_id bigint,
        primary key (id),
        unique (customer_id, product_id)
    )
2024-07-30T10:30:25.146+04:00 DEBUG 2876 --- [    Test worker] org.hibernate.SQL                        : 
    create table customer_card_details (
        card_balance numeric(38,2),
        expiration_date date,
        customer_id bigint,
        id bigint generated by default as identity,
        card_number varchar(255) unique,
        cvv varchar(255),
        primary key (id)
    )
Hibernate: 
    create table customer_card_details (
        card_balance numeric(38,2),
        expiration_date date,
        customer_id bigint,
        id bigint generated by default as identity,
        card_number varchar(255) unique,
        cvv varchar(255),
        primary key (id)
    )
2024-07-30T10:30:25.146+04:00 DEBUG 2876 --- [    Test worker] org.hibernate.SQL                        : 
    create table order_product (
        quantity integer not null,
        id bigint generated by default as identity,
        order_id bigint,
        product_id bigint,
        product_name varchar(255),
        primary key (id)
    )
Hibernate: 
    create table order_product (
        quantity integer not null,
        id bigint generated by default as identity,
        order_id bigint,
        product_id bigint,
        product_name varchar(255),
        primary key (id)
    )
2024-07-30T10:30:25.147+04:00 DEBUG 2876 --- [    Test worker] org.hibernate.SQL                        : 
    create table order_test (
        is_paid boolean not null,
        total_amount numeric(38,2),
        created_at timestamp(6),
        customer_id bigint,
        id bigint generated by default as identity,
        updated_at timestamp(6),
        status varchar(255) check (status in ('DELIVERED','PENDING','CANCEL','PAID','AWAITING')),
        primary key (id)
    )
Hibernate: 
    create table order_test (
        is_paid boolean not null,
        total_amount numeric(38,2),
        created_at timestamp(6),
        customer_id bigint,
        id bigint generated by default as identity,
        updated_at timestamp(6),
        status varchar(255) check (status in ('DELIVERED','PENDING','CANCEL','PAID','AWAITING')),
        primary key (id)
    )
2024-07-30T10:30:25.148+04:00 DEBUG 2876 --- [    Test worker] org.hibernate.SQL                        : 
    create table payment (
        amount numeric(38,2),
        customer_id bigint,
        id bigint generated by default as identity,
        order_id bigint,
        payment_date timestamp(6),
        payment_status varchar(255) check (payment_status in ('CREDIT_CARD','DEBIT_CARD','PAYPAL','APPLE_PAY','GOOGLE_PAY')),
        primary key (id)
    )
Hibernate: 
    create table payment (
        amount numeric(38,2),
        customer_id bigint,
        id bigint generated by default as identity,
        order_id bigint,
        payment_date timestamp(6),
        payment_status varchar(255) check (payment_status in ('CREDIT_CARD','DEBIT_CARD','PAYPAL','APPLE_PAY','GOOGLE_PAY')),
        primary key (id)
    )
2024-07-30T10:30:25.149+04:00 DEBUG 2876 --- [    Test worker] org.hibernate.SQL                        : 
    create table product_test (
        discount numeric(38,2),
        discount_price numeric(38,2),
        is_deleted boolean not null,
        price numeric(38,2),
        quantity integer not null,
        category_id bigint,
        created_at timestamp(6),
        id bigint generated by default as identity,
        updated_at timestamp(6),
        description varchar(255),
        image_url varchar(255),
        name varchar(255) unique,
        primary key (id)
    )
Hibernate: 
    create table product_test (
        discount numeric(38,2),
        discount_price numeric(38,2),
        is_deleted boolean not null,
        price numeric(38,2),
        quantity integer not null,
        category_id bigint,
        created_at timestamp(6),
        id bigint generated by default as identity,
        updated_at timestamp(6),
        description varchar(255),
        image_url varchar(255),
        name varchar(255) unique,
        primary key (id)
    )
2024-07-30T10:30:25.149+04:00 DEBUG 2876 --- [    Test worker] org.hibernate.SQL                        : 
    create table rating (
        rating integer,
        created_at timestamp(6),
        customer_id bigint,
        id bigint generated by default as identity,
        product_id bigint,
        primary key (id)
    )
Hibernate: 
    create table rating (
        rating integer,
        created_at timestamp(6),
        customer_id bigint,
        id bigint generated by default as identity,
        product_id bigint,
        primary key (id)
    )
2024-07-30T10:30:25.150+04:00 DEBUG 2876 --- [    Test worker] org.hibernate.SQL                        : 
    create table users_test (
        locked boolean not null,
        created_at timestamp(6),
        id bigint generated by default as identity,
        password varchar(255) unique,
        role varchar(255) check (role in ('USER','ADMIN')),
        username varchar(255),
        primary key (id)
    )
Hibernate: 
    create table users_test (
        locked boolean not null,
        created_at timestamp(6),
        id bigint generated by default as identity,
        password varchar(255) unique,
        role varchar(255) check (role in ('USER','ADMIN')),
        username varchar(255),
        primary key (id)
    )
2024-07-30T10:30:25.151+04:00 DEBUG 2876 --- [    Test worker] org.hibernate.SQL                        : 
    create table wishlist (
        created_at timestamp(6),
        customer_id bigint unique,
        id bigint generated by default as identity,
        primary key (id)
    )
Hibernate: 
    create table wishlist (
        created_at timestamp(6),
        customer_id bigint unique,
        id bigint generated by default as identity,
        primary key (id)
    )
2024-07-30T10:30:25.151+04:00 DEBUG 2876 --- [    Test worker] org.hibernate.SQL                        : 
    create table wishlist_item (
        created_at timestamp(6),
        id bigint generated by default as identity,
        product_id bigint,
        wishlist_id bigint,
        primary key (id)
    )
Hibernate: 
    create table wishlist_item (
        created_at timestamp(6),
        id bigint generated by default as identity,
        product_id bigint,
        wishlist_id bigint,
        primary key (id)
    )
2024-07-30T10:30:25.151+04:00 DEBUG 2876 --- [    Test worker] org.hibernate.SQL                        : 
    alter table if exists customer 
       add constraint FKark4ctv4ntkwoy4noakb0d8ml 
       foreign key (user_id) 
       references users_test
Hibernate: 
    alter table if exists customer 
       add constraint FKark4ctv4ntkwoy4noakb0d8ml 
       foreign key (user_id) 
       references users_test
2024-07-30T10:30:25.152+04:00 DEBUG 2876 --- [    Test worker] org.hibernate.SQL                        : 
    alter table if exists customer 
       add constraint FKpkpd7h3y46hd6mdeg7wqvpr5c 
       foreign key (wishlist_id) 
       references wishlist
Hibernate: 
    alter table if exists customer 
       add constraint FKpkpd7h3y46hd6mdeg7wqvpr5c 
       foreign key (wishlist_id) 
       references wishlist
2024-07-30T10:30:25.153+04:00 DEBUG 2876 --- [    Test worker] org.hibernate.SQL                        : 
    alter table if exists customer_discount 
       add constraint FK7dkdkmoy90h1bujr1rmanu0lv 
       foreign key (customer_id) 
       references customer
Hibernate: 
    alter table if exists customer_discount 
       add constraint FK7dkdkmoy90h1bujr1rmanu0lv 
       foreign key (customer_id) 
       references customer
2024-07-30T10:30:25.153+04:00 DEBUG 2876 --- [    Test worker] org.hibernate.SQL                        : 
    alter table if exists customer_discount 
       add constraint FKtrcs0xnvyl8qc2df5y7ylkjx4 
       foreign key (product_id) 
       references product_test
Hibernate: 
    alter table if exists customer_discount 
       add constraint FKtrcs0xnvyl8qc2df5y7ylkjx4 
       foreign key (product_id) 
       references product_test
2024-07-30T10:30:25.154+04:00 DEBUG 2876 --- [    Test worker] org.hibernate.SQL                        : 
    alter table if exists customer_card_details 
       add constraint FKmhdwuj27irdm4944qjnk0w85n 
       foreign key (customer_id) 
       references customer
Hibernate: 
    alter table if exists customer_card_details 
       add constraint FKmhdwuj27irdm4944qjnk0w85n 
       foreign key (customer_id) 
       references customer
2024-07-30T10:30:25.154+04:00 DEBUG 2876 --- [    Test worker] org.hibernate.SQL                        : 
    alter table if exists order_product 
       add constraint FKayh03vge4huu6s586xbfsykn9 
       foreign key (order_id) 
       references order_test
Hibernate: 
    alter table if exists order_product 
       add constraint FKayh03vge4huu6s586xbfsykn9 
       foreign key (order_id) 
       references order_test
2024-07-30T10:30:25.155+04:00 DEBUG 2876 --- [    Test worker] org.hibernate.SQL                        : 
    alter table if exists order_product 
       add constraint FKo602fm657h9jspk41f4gnmx22 
       foreign key (product_id) 
       references product_test
Hibernate: 
    alter table if exists order_product 
       add constraint FKo602fm657h9jspk41f4gnmx22 
       foreign key (product_id) 
       references product_test
2024-07-30T10:30:25.155+04:00 DEBUG 2876 --- [    Test worker] org.hibernate.SQL                        : 
    alter table if exists order_test 
       add constraint FK5sdaieho0j5cyeurhq25i4cec 
       foreign key (customer_id) 
       references customer
Hibernate: 
    alter table if exists order_test 
       add constraint FK5sdaieho0j5cyeurhq25i4cec 
       foreign key (customer_id) 
       references customer
2024-07-30T10:30:25.155+04:00 DEBUG 2876 --- [    Test worker] org.hibernate.SQL                        : 
    alter table if exists payment 
       add constraint FKby2skjf3ov608yb6nm16b49lg 
       foreign key (customer_id) 
       references customer
Hibernate: 
    alter table if exists payment 
       add constraint FKby2skjf3ov608yb6nm16b49lg 
       foreign key (customer_id) 
       references customer
2024-07-30T10:30:25.156+04:00 DEBUG 2876 --- [    Test worker] org.hibernate.SQL                        : 
    alter table if exists payment 
       add constraint FKhljpso7llgtyfun73rsnkkcqp 
       foreign key (order_id) 
       references order_test
Hibernate: 
    alter table if exists payment 
       add constraint FKhljpso7llgtyfun73rsnkkcqp 
       foreign key (order_id) 
       references order_test
2024-07-30T10:30:25.156+04:00 DEBUG 2876 --- [    Test worker] org.hibernate.SQL                        : 
    alter table if exists product_test 
       add constraint FK2hq85enq18gwx62b83r7bmaj8 
       foreign key (category_id) 
       references category_test
Hibernate: 
    alter table if exists product_test 
       add constraint FK2hq85enq18gwx62b83r7bmaj8 
       foreign key (category_id) 
       references category_test
2024-07-30T10:30:25.157+04:00 DEBUG 2876 --- [    Test worker] org.hibernate.SQL                        : 
    alter table if exists rating 
       add constraint FK92d54lg7br8t0wb68h23u4jkn 
       foreign key (customer_id) 
       references customer
Hibernate: 
    alter table if exists rating 
       add constraint FK92d54lg7br8t0wb68h23u4jkn 
       foreign key (customer_id) 
       references customer
2024-07-30T10:30:25.157+04:00 DEBUG 2876 --- [    Test worker] org.hibernate.SQL                        : 
    alter table if exists rating 
       add constraint FKkthk5w06fdouceg1vx51u26fh 
       foreign key (product_id) 
       references product_test
Hibernate: 
    alter table if exists rating 
       add constraint FKkthk5w06fdouceg1vx51u26fh 
       foreign key (product_id) 
       references product_test
2024-07-30T10:30:25.158+04:00 DEBUG 2876 --- [    Test worker] org.hibernate.SQL                        : 
    alter table if exists wishlist 
       add constraint FKb6xak0rjui1rsok8ll7ln59cs 
       foreign key (customer_id) 
       references customer
Hibernate: 
    alter table if exists wishlist 
       add constraint FKb6xak0rjui1rsok8ll7ln59cs 
       foreign key (customer_id) 
       references customer
2024-07-30T10:30:25.158+04:00 DEBUG 2876 --- [    Test worker] org.hibernate.SQL                        : 
    alter table if exists wishlist_item 
       add constraint FK5y7uu8ej8bpj54xbke3ak4x6 
       foreign key (product_id) 
       references product_test
Hibernate: 
    alter table if exists wishlist_item 
       add constraint FK5y7uu8ej8bpj54xbke3ak4x6 
       foreign key (product_id) 
       references product_test
2024-07-30T10:30:25.159+04:00 DEBUG 2876 --- [    Test worker] org.hibernate.SQL                        : 
    alter table if exists wishlist_item 
       add constraint FK5iw5sajivrxnt4qjxqlgo8yb1 
       foreign key (wishlist_id) 
       references wishlist
Hibernate: 
    alter table if exists wishlist_item 
       add constraint FK5iw5sajivrxnt4qjxqlgo8yb1 
       foreign key (wishlist_id) 
       references wishlist
2024-07-30T10:30:25.161+04:00  INFO 2876 --- [    Test worker] j.LocalContainerEntityManagerFactoryBean : Initialized JPA EntityManagerFactory for persistence unit 'default'
2024-07-30T10:30:25.554+04:00  WARN 2876 --- [    Test worker] JpaBaseConfiguration$JpaWebConfiguration : spring.jpa.open-in-view is enabled by default. Therefore, database queries may be performed during view rendering. Explicitly configure spring.jpa.open-in-view to disable this warning
2024-07-30T10:30:25.859+04:00  INFO 2876 --- [    Test worker] o.s.b.a.w.s.WelcomePageHandlerMapping    : Adding welcome page template: index
2024-07-30T10:30:26.201+04:00  INFO 2876 --- [    Test worker] o.s.b.a.e.web.EndpointLinksResolver      : Exposing 15 endpoint(s) beneath base path '/actuator'
2024-07-30T10:30:26.244+04:00  INFO 2876 --- [    Test worker] o.s.s.web.DefaultSecurityFilterChain     : Will secure any request with [org.springframework.security.web.session.DisableEncodeUrlFilter@79889714, org.springframework.security.web.session.ForceEagerSessionCreationFilter@7abbfd4d, org.springframework.security.web.context.request.async.WebAsyncManagerIntegrationFilter@45082853, org.springframework.security.web.context.SecurityContextHolderFilter@25d551cf, org.springframework.security.web.header.HeaderWriterFilter@774d7431, org.springframework.web.filter.CorsFilter@a628904, org.springframework.security.web.authentication.logout.LogoutFilter@3a3e6cfd, com.example.springsecurity.security.JwtAuthenticationFilter@6eb6293a, org.springframework.security.web.authentication.www.BasicAuthenticationFilter@6a5d3dbd, org.springframework.security.web.savedrequest.RequestCacheAwareFilter@17e8a62f, org.springframework.security.web.servletapi.SecurityContextHolderAwareRequestFilter@4c9821be, org.springframework.security.web.authentication.AnonymousAuthenticationFilter@376f9f6b, org.springframework.security.web.session.SessionManagementFilter@141d4945, org.springframework.security.web.access.ExceptionTranslationFilter@1f7377d9, org.springframework.security.web.access.intercept.AuthorizationFilter@69ef2b42]
2024-07-30T10:30:26.856+04:00  WARN 2876 --- [    Test worker] iguration$LoadBalancerCaffeineWarnLogger : Spring Cloud LoadBalancer is currently working with the default cache. While this cache implementation is useful for development and tests, it's recommended to use Caffeine cache in production.You can switch to using Caffeine cache, by adding it and org.springframework.cache.caffeine.CaffeineCacheManager to the classpath.
2024-07-30T10:30:26.906+04:00  INFO 2876 --- [    Test worker] o.s.b.w.embedded.tomcat.TomcatWebServer  : Tomcat started on port 55530 (http) with context path ''
2024-07-30T10:30:27.309+04:00  INFO 2876 --- [    Test worker] c.e.s.controller.ProductControllerTest   : Started ProductControllerTest in 4.077 seconds (process running for 121.13)
2024-07-30T10:30:27.338+04:00  INFO 2876 --- [-auto-30-exec-2] o.a.c.c.C.[Tomcat-2].[localhost].[/]     : Initializing Spring DispatcherServlet 'dispatcherServlet'
2024-07-30T10:30:27.338+04:00  INFO 2876 --- [-auto-30-exec-2] o.s.web.servlet.DispatcherServlet        : Initializing Servlet 'dispatcherServlet'
2024-07-30T10:30:27.341+04:00  INFO 2876 --- [-auto-30-exec-2] o.s.web.servlet.DispatcherServlet        : Completed initialization in 3 ms
2024-07-30T10:30:27.343+04:00  INFO 2876 --- [-auto-30-exec-2] c.e.s.security.JwtAuthenticationFilter   : Checking jwt token...
2024-07-30T10:30:27.348+04:00 DEBUG 2876 --- [-auto-30-exec-2] org.hibernate.SQL                        : 
    select
        u1_0.id,
        u1_0.created_at,
        u1_0.locked,
        u1_0.password,
        u1_0.role,
        u1_0.username 
    from
        users_test u1_0 
    where
        u1_0.id=?
Hibernate: 
    select
        u1_0.id,
        u1_0.created_at,
        u1_0.locked,
        u1_0.password,
        u1_0.role,
        u1_0.username 
    from
        users_test u1_0 
    where
        u1_0.id=?
2024-07-30T10:30:27.350+04:00 DEBUG 2876 --- [-auto-30-exec-2] org.hibernate.SQL                        : 
    select
        c1_0.id,
        c1_0.address,
        c1_0.balance,
        c1_0.name,
        c1_0.registered_at,
        c1_0.surname,
        c1_0.user_id,
        w1_0.id,
        w1_0.created_at,
        c2_0.id,
        c2_0.address,
        c2_0.balance,
        c2_0.name,
        c2_0.registered_at,
        c2_0.surname,
        c2_0.user_id,
        c2_0.wishlist_id 
    from
        customer c1_0 
    left join
        wishlist w1_0 
            on w1_0.id=c1_0.wishlist_id 
    left join
        customer c2_0 
            on c2_0.id=w1_0.customer_id 
    where
        c1_0.user_id=?
Hibernate: 
    select
        c1_0.id,
        c1_0.address,
        c1_0.balance,
        c1_0.name,
        c1_0.registered_at,
        c1_0.surname,
        c1_0.user_id,
        w1_0.id,
        w1_0.created_at,
        c2_0.id,
        c2_0.address,
        c2_0.balance,
        c2_0.name,
        c2_0.registered_at,
        c2_0.surname,
        c2_0.user_id,
        c2_0.wishlist_id 
    from
        customer c1_0 
    left join
        wishlist w1_0 
            on w1_0.id=c1_0.wishlist_id 
    left join
        customer c2_0 
            on c2_0.id=w1_0.customer_id 
    where
        c1_0.user_id=?
2024-07-30T10:30:27.352+04:00 DEBUG 2876 --- [-auto-30-exec-2] org.hibernate.SQL                        : 
    select
        cd1_0.id,
        cd1_0.customer_id,
        cd1_0.dice_rolled,
        cd1_0.die1,
        cd1_0.die2,
        cd1_0.discount,
        cd1_0.discount_price,
        cd1_0.expires_at,
        cd1_0.product_id 
    from
        customer_discount cd1_0 
    where
        cd1_0.customer_id=?
Hibernate: 
    select
        cd1_0.id,
        cd1_0.customer_id,
        cd1_0.dice_rolled,
        cd1_0.die1,
        cd1_0.die2,
        cd1_0.discount,
        cd1_0.discount_price,
        cd1_0.expires_at,
        cd1_0.product_id 
    from
        customer_discount cd1_0 
    where
        cd1_0.customer_id=?
2024-07-30T10:30:27.360+04:00 DEBUG 2876 --- [-auto-30-exec-2] org.hibernate.SQL                        : 
    select
        cd1_0.id,
        cd1_0.customer_id,
        cd1_0.dice_rolled,
        cd1_0.die1,
        cd1_0.die2,
        cd1_0.discount,
        cd1_0.discount_price,
        cd1_0.expires_at,
        cd1_0.product_id 
    from
        customer_discount cd1_0 
    left join
        customer c1_0 
            on c1_0.id=cd1_0.customer_id 
    where
        c1_0.id=? 
        and cd1_0.discount_price is not null 
    fetch
        first ? rows only
Hibernate: 
    select
        cd1_0.id,
        cd1_0.customer_id,
        cd1_0.dice_rolled,
        cd1_0.die1,
        cd1_0.die2,
        cd1_0.discount,
        cd1_0.discount_price,
        cd1_0.expires_at,
        cd1_0.product_id 
    from
        customer_discount cd1_0 
    left join
        customer c1_0 
            on c1_0.id=cd1_0.customer_id 
    where
        c1_0.id=? 
        and cd1_0.discount_price is not null 
    fetch
        first ? rows only
2024-07-30T10:30:27.363+04:00 DEBUG 2876 --- [-auto-30-exec-2] org.hibernate.SQL                        : 
    select
        p1_0.id,
        p1_0.category_id,
        p1_0.created_at,
        p1_0.description,
        p1_0.discount,
        p1_0.discount_price,
        p1_0.image_url,
        p1_0.is_deleted,
        p1_0.name,
        p1_0.price,
        p1_0.quantity,
        p1_0.updated_at 
    from
        product_test p1_0 
    where
        p1_0.id=?
Hibernate: 
    select
        p1_0.id,
        p1_0.category_id,
        p1_0.created_at,
        p1_0.description,
        p1_0.discount,
        p1_0.discount_price,
        p1_0.image_url,
        p1_0.is_deleted,
        p1_0.name,
        p1_0.price,
        p1_0.quantity,
        p1_0.updated_at 
    from
        product_test p1_0 
    where
        p1_0.id=?
2024-07-30T10:30:27.395+04:00  INFO 2876 --- [    Test worker] j.LocalContainerEntityManagerFactoryBean : Closing JPA EntityManagerFactory for persistence unit 'default'
2024-07-30T10:30:27.395+04:00 DEBUG 2876 --- [    Test worker] org.hibernate.SQL                        : 
    drop table if exists category_test cascade 
Hibernate: 
    drop table if exists category_test cascade 
2024-07-30T10:30:27.395+04:00 DEBUG 2876 --- [    Test worker] org.hibernate.SQL                        : 
    drop table if exists customer cascade 
Hibernate: 
    drop table if exists customer cascade 
2024-07-30T10:30:27.396+04:00 DEBUG 2876 --- [    Test worker] org.hibernate.SQL                        : 
    drop table if exists customer_discount cascade 
Hibernate: 
    drop table if exists customer_discount cascade 
2024-07-30T10:30:27.396+04:00 DEBUG 2876 --- [    Test worker] org.hibernate.SQL                        : 
    drop table if exists customer_card_details cascade 
Hibernate: 
    drop table if exists customer_card_details cascade 
2024-07-30T10:30:27.396+04:00 DEBUG 2876 --- [    Test worker] org.hibernate.SQL                        : 
    drop table if exists order_product cascade 
Hibernate: 
    drop table if exists order_product cascade 
2024-07-30T10:30:27.396+04:00 DEBUG 2876 --- [    Test worker] org.hibernate.SQL                        : 
    drop table if exists order_test cascade 
Hibernate: 
    drop table if exists order_test cascade 
2024-07-30T10:30:27.396+04:00 DEBUG 2876 --- [    Test worker] org.hibernate.SQL                        : 
    drop table if exists payment cascade 
Hibernate: 
    drop table if exists payment cascade 
2024-07-30T10:30:27.396+04:00 DEBUG 2876 --- [    Test worker] org.hibernate.SQL                        : 
    drop table if exists product_test cascade 
Hibernate: 
    drop table if exists product_test cascade 
2024-07-30T10:30:27.396+04:00 DEBUG 2876 --- [    Test worker] org.hibernate.SQL                        : 
    drop table if exists rating cascade 
Hibernate: 
    drop table if exists rating cascade 
2024-07-30T10:30:27.396+04:00 DEBUG 2876 --- [    Test worker] org.hibernate.SQL                        : 
    drop table if exists users_test cascade 
Hibernate: 
    drop table if exists users_test cascade 
2024-07-30T10:30:27.396+04:00 DEBUG 2876 --- [    Test worker] org.hibernate.SQL                        : 
    drop table if exists wishlist cascade 
Hibernate: 
    drop table if exists wishlist cascade 
2024-07-30T10:30:27.397+04:00 DEBUG 2876 --- [    Test worker] org.hibernate.SQL                        : 
    drop table if exists wishlist_item cascade 
Hibernate: 
    drop table if exists wishlist_item cascade 
2024-07-30T10:30:27.397+04:00  INFO 2876 --- [    Test worker] com.zaxxer.hikari.HikariDataSource       : HikariPool-30 - Shutdown initiated...
2024-07-30T10:30:27.398+04:00  INFO 2876 --- [    Test worker] com.zaxxer.hikari.HikariDataSource       : HikariPool-30 - Shutdown completed.

  .   ____          _            __ _ _
 /\\ / ___'_ __ _ _(_)_ __  __ _ \ \ \ \
( ( )\___ | '_ | '_| | '_ \/ _` | \ \ \ \
 \\/  ___)| |_)| | | | | || (_| |  ) ) ) )
  '  |____| .__|_| |_|_| |_\__, | / / / /
 =========|_|==============|___/=/_/_/_/
 :: Spring Boot ::                (v3.2.3)

2024-07-30T10:30:27.596+04:00  INFO 2876 --- [    Test worker] c.e.s.controller.ProductControllerTest   : Starting ProductControllerTest using Java 17.0.11 with PID 2876 (started by mameh1 in C:\Users\mameh1\Downloads\projects\spring-security\gatewayapp)
2024-07-30T10:30:27.596+04:00  INFO 2876 --- [    Test worker] c.e.s.controller.ProductControllerTest   : The following 4 profiles are active: "db", "actuator", "google", "integration"
2024-07-30T10:30:28.221+04:00  INFO 2876 --- [    Test worker] .s.d.r.c.RepositoryConfigurationDelegate : Bootstrapping Spring Data JPA repositories in DEFAULT mode.
2024-07-30T10:30:28.336+04:00  INFO 2876 --- [    Test worker] .s.d.r.c.RepositoryConfigurationDelegate : Finished Spring Data repository scanning in 114 ms. Found 12 JPA repository interfaces.
2024-07-30T10:30:28.386+04:00  INFO 2876 --- [    Test worker] o.s.cloud.context.scope.GenericScope     : BeanFactory id=fdf0a751-b714-323a-ae6a-061dba5ac89f
2024-07-30T10:30:28.420+04:00  WARN 2876 --- [    Test worker] trationDelegate$BeanPostProcessorChecker : Bean 'org.springframework.cloud.client.loadbalancer.LoadBalancerAutoConfiguration$LoadBalancerInterceptorConfig' of type [org.springframework.cloud.client.loadbalancer.LoadBalancerAutoConfiguration$LoadBalancerInterceptorConfig] is not eligible for getting processed by all BeanPostProcessors (for example: not eligible for auto-proxying). The currently created BeanPostProcessor [lbRestClientPostProcessor] is declared through a non-static factory method on that class; consider declaring it as static instead.
2024-07-30T10:30:28.421+04:00  WARN 2876 --- [    Test worker] trationDelegate$BeanPostProcessorChecker : Bean 'org.springframework.cloud.loadbalancer.config.BlockingLoadBalancerClientAutoConfiguration' of type [org.springframework.cloud.loadbalancer.config.BlockingLoadBalancerClientAutoConfiguration] is not eligible for getting processed by all BeanPostProcessors (for example: not eligible for auto-proxying). Is this bean getting eagerly injected into a currently created BeanPostProcessor [lbRestClientPostProcessor]? Check the corresponding BeanPostProcessor declaration and its dependencies.
2024-07-30T10:30:28.422+04:00  WARN 2876 --- [    Test worker] trationDelegate$BeanPostProcessorChecker : Bean 'org.springframework.cloud.loadbalancer.config.LoadBalancerAutoConfiguration' of type [org.springframework.cloud.loadbalancer.config.LoadBalancerAutoConfiguration] is not eligible for getting processed by all BeanPostProcessors (for example: not eligible for auto-proxying). Is this bean getting eagerly injected into a currently created BeanPostProcessor [lbRestClientPostProcessor]? Check the corresponding BeanPostProcessor declaration and its dependencies.
2024-07-30T10:30:28.424+04:00  WARN 2876 --- [    Test worker] trationDelegate$BeanPostProcessorChecker : Bean 'org.springframework.cloud.commons.config.CommonsConfigAutoConfiguration' of type [org.springframework.cloud.commons.config.CommonsConfigAutoConfiguration] is not eligible for getting processed by all BeanPostProcessors (for example: not eligible for auto-proxying). Is this bean getting eagerly injected into a currently created BeanPostProcessor [lbRestClientPostProcessor]? Check the corresponding BeanPostProcessor declaration and its dependencies.
2024-07-30T10:30:28.424+04:00  WARN 2876 --- [    Test worker] trationDelegate$BeanPostProcessorChecker : Bean 'org.springframework.cloud.client.loadbalancer.LoadBalancerDefaultMappingsProviderAutoConfiguration' of type [org.springframework.cloud.client.loadbalancer.LoadBalancerDefaultMappingsProviderAutoConfiguration] is not eligible for getting processed by all BeanPostProcessors (for example: not eligible for auto-proxying). Is this bean getting eagerly injected into a currently created BeanPostProcessor [lbRestClientPostProcessor]? Check the corresponding BeanPostProcessor declaration and its dependencies.
2024-07-30T10:30:28.425+04:00  WARN 2876 --- [    Test worker] trationDelegate$BeanPostProcessorChecker : Bean 'loadBalancerClientsDefaultsMappingsProvider' of type [org.springframework.cloud.client.loadbalancer.LoadBalancerDefaultMappingsProviderAutoConfiguration$$Lambda$1032/0x000002791c5e3010] is not eligible for getting processed by all BeanPostProcessors (for example: not eligible for auto-proxying). Is this bean getting eagerly injected into a currently created BeanPostProcessor [lbRestClientPostProcessor]? Check the corresponding BeanPostProcessor declaration and its dependencies.
2024-07-30T10:30:28.427+04:00  WARN 2876 --- [    Test worker] trationDelegate$BeanPostProcessorChecker : Bean 'defaultsBindHandlerAdvisor' of type [org.springframework.cloud.commons.config.DefaultsBindHandlerAdvisor] is not eligible for getting processed by all BeanPostProcessors (for example: not eligible for auto-proxying). Is this bean getting eagerly injected into a currently created BeanPostProcessor [lbRestClientPostProcessor]? Check the corresponding BeanPostProcessor declaration and its dependencies.
2024-07-30T10:30:28.431+04:00  WARN 2876 --- [    Test worker] trationDelegate$BeanPostProcessorChecker : Bean 'spring.cloud.loadbalancer-org.springframework.cloud.client.loadbalancer.LoadBalancerClientsProperties' of type [org.springframework.cloud.client.loadbalancer.LoadBalancerClientsProperties] is not eligible for getting processed by all BeanPostProcessors (for example: not eligible for auto-proxying). Is this bean getting eagerly injected into a currently created BeanPostProcessor [lbRestClientPostProcessor]? Check the corresponding BeanPostProcessor declaration and its dependencies.
2024-07-30T10:30:28.433+04:00  WARN 2876 --- [    Test worker] trationDelegate$BeanPostProcessorChecker : Bean 'default.org.springframework.cloud.loadbalancer.config.LoadBalancerAutoConfiguration.LoadBalancerClientSpecification' of type [org.springframework.cloud.loadbalancer.annotation.LoadBalancerClientSpecification] is not eligible for getting processed by all BeanPostProcessors (for example: not eligible for auto-proxying). Is this bean getting eagerly injected into a currently created BeanPostProcessor [lbRestClientPostProcessor]? Check the corresponding BeanPostProcessor declaration and its dependencies.
2024-07-30T10:30:28.434+04:00  WARN 2876 --- [    Test worker] trationDelegate$BeanPostProcessorChecker : Bean 'default.org.springframework.cloud.loadbalancer.config.BlockingLoadBalancerClientAutoConfiguration.LoadBalancerClientSpecification' of type [org.springframework.cloud.loadbalancer.annotation.LoadBalancerClientSpecification] is not eligible for getting processed by all BeanPostProcessors (for example: not eligible for auto-proxying). Is this bean getting eagerly injected into a currently created BeanPostProcessor [lbRestClientPostProcessor]? Check the corresponding BeanPostProcessor declaration and its dependencies.
2024-07-30T10:30:28.435+04:00  WARN 2876 --- [    Test worker] trationDelegate$BeanPostProcessorChecker : Bean 'loadBalancerClientFactory' of type [org.springframework.cloud.loadbalancer.support.LoadBalancerClientFactory] is not eligible for getting processed by all BeanPostProcessors (for example: not eligible for auto-proxying). Is this bean getting eagerly injected into a currently created BeanPostProcessor [lbRestClientPostProcessor]? Check the corresponding BeanPostProcessor declaration and its dependencies.
2024-07-30T10:30:28.438+04:00  WARN 2876 --- [    Test worker] trationDelegate$BeanPostProcessorChecker : Bean 'blockingLoadBalancerClient' of type [org.springframework.cloud.loadbalancer.blocking.client.BlockingLoadBalancerClient] is not eligible for getting processed by all BeanPostProcessors (for example: not eligible for auto-proxying). Is this bean getting eagerly injected into a currently created BeanPostProcessor [lbRestClientPostProcessor]? Check the corresponding BeanPostProcessor declaration and its dependencies.
2024-07-30T10:30:28.444+04:00  WARN 2876 --- [    Test worker] trationDelegate$BeanPostProcessorChecker : Bean 'loadBalancerServiceInstanceCookieTransformer' of type [org.springframework.cloud.loadbalancer.core.LoadBalancerServiceInstanceCookieTransformer] is not eligible for getting processed by all BeanPostProcessors (for example: not eligible for auto-proxying). Is this bean getting eagerly injected into a currently created BeanPostProcessor [lbRestClientPostProcessor]? Check the corresponding BeanPostProcessor declaration and its dependencies.
2024-07-30T10:30:28.446+04:00  WARN 2876 --- [    Test worker] trationDelegate$BeanPostProcessorChecker : Bean 'xForwarderHeadersTransformer' of type [org.springframework.cloud.loadbalancer.blocking.XForwardedHeadersTransformer] is not eligible for getting processed by all BeanPostProcessors (for example: not eligible for auto-proxying). Is this bean getting eagerly injected into a currently created BeanPostProcessor [lbRestClientPostProcessor]? Check the corresponding BeanPostProcessor declaration and its dependencies.
2024-07-30T10:30:28.448+04:00  WARN 2876 --- [    Test worker] trationDelegate$BeanPostProcessorChecker : Bean 'org.springframework.cloud.client.loadbalancer.LoadBalancerAutoConfiguration' of type [org.springframework.cloud.client.loadbalancer.LoadBalancerAutoConfiguration] is not eligible for getting processed by all BeanPostProcessors (for example: not eligible for auto-proxying). Is this bean getting eagerly injected into a currently created BeanPostProcessor [lbRestClientPostProcessor]? Check the corresponding BeanPostProcessor declaration and its dependencies.
2024-07-30T10:30:28.450+04:00  WARN 2876 --- [    Test worker] trationDelegate$BeanPostProcessorChecker : Bean 'loadBalancerRequestFactory' of type [org.springframework.cloud.client.loadbalancer.LoadBalancerRequestFactory] is not eligible for getting processed by all BeanPostProcessors (for example: not eligible for auto-proxying). Is this bean getting eagerly injected into a currently created BeanPostProcessor [lbRestClientPostProcessor]? Check the corresponding BeanPostProcessor declaration and its dependencies.
2024-07-30T10:30:28.451+04:00  WARN 2876 --- [    Test worker] trationDelegate$BeanPostProcessorChecker : Bean 'loadBalancerInterceptor' of type [org.springframework.cloud.client.loadbalancer.LoadBalancerInterceptor] is not eligible for getting processed by all BeanPostProcessors (for example: not eligible for auto-proxying). Is this bean getting eagerly injected into a currently created BeanPostProcessor [lbRestClientPostProcessor]? Check the corresponding BeanPostProcessor declaration and its dependencies.
2024-07-30T10:30:28.453+04:00  WARN 2876 --- [    Test worker] trationDelegate$BeanPostProcessorChecker : Bean 'org.springframework.cloud.client.loadbalancer.reactive.LoadBalancerBeanPostProcessorAutoConfiguration' of type [org.springframework.cloud.client.loadbalancer.reactive.LoadBalancerBeanPostProcessorAutoConfiguration] is not eligible for getting processed by all BeanPostProcessors (for example: not eligible for auto-proxying). The currently created BeanPostProcessor [loadBalancerWebClientBuilderBeanPostProcessor] is declared through a non-static factory method on that class; consider declaring it as static instead.
2024-07-30T10:30:28.454+04:00  WARN 2876 --- [    Test worker] trationDelegate$BeanPostProcessorChecker : Bean 'org.springframework.cloud.client.loadbalancer.reactive.LoadBalancerBeanPostProcessorAutoConfiguration$ReactorDeferringLoadBalancerFilterConfig' of type [org.springframework.cloud.client.loadbalancer.reactive.LoadBalancerBeanPostProcessorAutoConfiguration$ReactorDeferringLoadBalancerFilterConfig] is not eligible for getting processed by all BeanPostProcessors (for example: not eligible for auto-proxying). Is this bean getting eagerly injected into a currently created BeanPostProcessor [loadBalancerWebClientBuilderBeanPostProcessor]? Check the corresponding BeanPostProcessor declaration and its dependencies.
2024-07-30T10:30:28.455+04:00  WARN 2876 --- [    Test worker] trationDelegate$BeanPostProcessorChecker : Bean 'reactorDeferringLoadBalancerExchangeFilterFunction' of type [org.springframework.cloud.client.loadbalancer.reactive.DeferringLoadBalancerExchangeFilterFunction] is not eligible for getting processed by all BeanPostProcessors (for example: not eligible for auto-proxying). Is this bean getting eagerly injected into a currently created BeanPostProcessor [loadBalancerWebClientBuilderBeanPostProcessor]? Check the corresponding BeanPostProcessor declaration and its dependencies.
2024-07-30T10:30:28.524+04:00  INFO 2876 --- [    Test worker] o.s.b.w.embedded.tomcat.TomcatWebServer  : Tomcat initialized with port 0 (http)
2024-07-30T10:30:28.525+04:00  INFO 2876 --- [    Test worker] o.apache.catalina.core.StandardService   : Starting service [Tomcat]
2024-07-30T10:30:28.525+04:00  INFO 2876 --- [    Test worker] o.apache.catalina.core.StandardEngine    : Starting Servlet engine: [Apache Tomcat/10.1.19]
2024-07-30T10:30:28.584+04:00  INFO 2876 --- [    Test worker] o.a.c.c.C.[Tomcat-2].[localhost].[/]     : Initializing Spring embedded WebApplicationContext
2024-07-30T10:30:28.584+04:00  INFO 2876 --- [    Test worker] w.s.c.ServletWebServerApplicationContext : Root WebApplicationContext: initialization completed in 986 ms
2024-07-30T10:30:28.714+04:00  INFO 2876 --- [    Test worker] o.hibernate.jpa.internal.util.LogHelper  : HHH000204: Processing PersistenceUnitInfo [name: default]
2024-07-30T10:30:28.721+04:00  INFO 2876 --- [    Test worker] o.h.c.internal.RegionFactoryInitiator    : HHH000026: Second-level cache disabled
2024-07-30T10:30:28.735+04:00  INFO 2876 --- [    Test worker] o.s.o.j.p.SpringPersistenceUnitInfo      : No LoadTimeWeaver setup: ignoring JPA class transformer
2024-07-30T10:30:28.736+04:00  INFO 2876 --- [    Test worker] com.zaxxer.hikari.HikariDataSource       : HikariPool-31 - Starting...
2024-07-30T10:30:28.737+04:00  INFO 2876 --- [    Test worker] com.zaxxer.hikari.pool.HikariPool        : HikariPool-31 - Added connection conn300: url=jdbc:h2:mem:demo user=POSTGRES
2024-07-30T10:30:28.737+04:00  INFO 2876 --- [    Test worker] com.zaxxer.hikari.HikariDataSource       : HikariPool-31 - Start completed.
2024-07-30T10:30:28.738+04:00  WARN 2876 --- [    Test worker] org.hibernate.orm.deprecation            : HHH90000025: H2Dialect does not need to be specified explicitly using 'hibernate.dialect' (remove the property setting and it will be selected by default)
2024-07-30T10:30:28.861+04:00  INFO 2876 --- [    Test worker] o.h.e.t.j.p.i.JtaPlatformInitiator       : HHH000489: No JTA platform available (set 'hibernate.transaction.jta.platform' to enable JTA platform integration)
2024-07-30T10:30:28.862+04:00 DEBUG 2876 --- [    Test worker] org.hibernate.SQL                        : 
    drop table if exists category_test cascade 
Hibernate: 
    drop table if exists category_test cascade 
2024-07-30T10:30:28.862+04:00 DEBUG 2876 --- [    Test worker] org.hibernate.SQL                        : 
    drop table if exists customer cascade 
Hibernate: 
    drop table if exists customer cascade 
2024-07-30T10:30:28.862+04:00 DEBUG 2876 --- [    Test worker] org.hibernate.SQL                        : 
    drop table if exists customer_discount cascade 
Hibernate: 
    drop table if exists customer_discount cascade 
2024-07-30T10:30:28.862+04:00 DEBUG 2876 --- [    Test worker] org.hibernate.SQL                        : 
    drop table if exists customer_card_details cascade 
Hibernate: 
    drop table if exists customer_card_details cascade 
2024-07-30T10:30:28.862+04:00 DEBUG 2876 --- [    Test worker] org.hibernate.SQL                        : 
    drop table if exists order_product cascade 
Hibernate: 
    drop table if exists order_product cascade 
2024-07-30T10:30:28.862+04:00 DEBUG 2876 --- [    Test worker] org.hibernate.SQL                        : 
    drop table if exists order_test cascade 
Hibernate: 
    drop table if exists order_test cascade 
2024-07-30T10:30:28.862+04:00 DEBUG 2876 --- [    Test worker] org.hibernate.SQL                        : 
    drop table if exists payment cascade 
Hibernate: 
    drop table if exists payment cascade 
2024-07-30T10:30:28.862+04:00 DEBUG 2876 --- [    Test worker] org.hibernate.SQL                        : 
    drop table if exists product_test cascade 
Hibernate: 
    drop table if exists product_test cascade 
2024-07-30T10:30:28.862+04:00 DEBUG 2876 --- [    Test worker] org.hibernate.SQL                        : 
    drop table if exists rating cascade 
Hibernate: 
    drop table if exists rating cascade 
2024-07-30T10:30:28.862+04:00 DEBUG 2876 --- [    Test worker] org.hibernate.SQL                        : 
    drop table if exists users_test cascade 
Hibernate: 
    drop table if exists users_test cascade 
2024-07-30T10:30:28.862+04:00 DEBUG 2876 --- [    Test worker] org.hibernate.SQL                        : 
    drop table if exists wishlist cascade 
Hibernate: 
    drop table if exists wishlist cascade 
2024-07-30T10:30:28.862+04:00 DEBUG 2876 --- [    Test worker] org.hibernate.SQL                        : 
    drop table if exists wishlist_item cascade 
Hibernate: 
    drop table if exists wishlist_item cascade 
2024-07-30T10:30:28.862+04:00 DEBUG 2876 --- [    Test worker] org.hibernate.SQL                        : 
    create table category_test (
        is_deleted boolean not null,
        category_id bigint generated by default as identity,
        description varchar(255),
        name varchar(255),
        primary key (category_id)
    )
Hibernate: 
    create table category_test (
        is_deleted boolean not null,
        category_id bigint generated by default as identity,
        description varchar(255),
        name varchar(255),
        primary key (category_id)
    )
2024-07-30T10:30:28.864+04:00 DEBUG 2876 --- [    Test worker] org.hibernate.SQL                        : 
    create table customer (
        balance numeric(38,2),
        id bigint generated by default as identity,
        registered_at timestamp(6),
        user_id bigint unique,
        wishlist_id bigint unique,
        address varchar(255),
        name varchar(255),
        surname varchar(255),
        primary key (id)
    )
Hibernate: 
    create table customer (
        balance numeric(38,2),
        id bigint generated by default as identity,
        registered_at timestamp(6),
        user_id bigint unique,
        wishlist_id bigint unique,
        address varchar(255),
        name varchar(255),
        surname varchar(255),
        primary key (id)
    )
2024-07-30T10:30:28.866+04:00 DEBUG 2876 --- [    Test worker] org.hibernate.SQL                        : 
    create table customer_discount (
        dice_rolled boolean not null,
        die1 integer not null,
        die2 integer not null,
        discount numeric(38,2),
        discount_price numeric(38,2),
        customer_id bigint unique,
        expires_at timestamp(6),
        id bigint generated by default as identity,
        product_id bigint,
        primary key (id),
        unique (customer_id, product_id)
    )
Hibernate: 
    create table customer_discount (
        dice_rolled boolean not null,
        die1 integer not null,
        die2 integer not null,
        discount numeric(38,2),
        discount_price numeric(38,2),
        customer_id bigint unique,
        expires_at timestamp(6),
        id bigint generated by default as identity,
        product_id bigint,
        primary key (id),
        unique (customer_id, product_id)
    )
2024-07-30T10:30:28.867+04:00 DEBUG 2876 --- [    Test worker] org.hibernate.SQL                        : 
    create table customer_card_details (
        card_balance numeric(38,2),
        expiration_date date,
        customer_id bigint,
        id bigint generated by default as identity,
        card_number varchar(255) unique,
        cvv varchar(255),
        primary key (id)
    )
Hibernate: 
    create table customer_card_details (
        card_balance numeric(38,2),
        expiration_date date,
        customer_id bigint,
        id bigint generated by default as identity,
        card_number varchar(255) unique,
        cvv varchar(255),
        primary key (id)
    )
2024-07-30T10:30:28.868+04:00 DEBUG 2876 --- [    Test worker] org.hibernate.SQL                        : 
    create table order_product (
        quantity integer not null,
        id bigint generated by default as identity,
        order_id bigint,
        product_id bigint,
        product_name varchar(255),
        primary key (id)
    )
Hibernate: 
    create table order_product (
        quantity integer not null,
        id bigint generated by default as identity,
        order_id bigint,
        product_id bigint,
        product_name varchar(255),
        primary key (id)
    )
2024-07-30T10:30:28.869+04:00 DEBUG 2876 --- [    Test worker] org.hibernate.SQL                        : 
    create table order_test (
        is_paid boolean not null,
        total_amount numeric(38,2),
        created_at timestamp(6),
        customer_id bigint,
        id bigint generated by default as identity,
        updated_at timestamp(6),
        status varchar(255) check (status in ('DELIVERED','PENDING','CANCEL','PAID','AWAITING')),
        primary key (id)
    )
Hibernate: 
    create table order_test (
        is_paid boolean not null,
        total_amount numeric(38,2),
        created_at timestamp(6),
        customer_id bigint,
        id bigint generated by default as identity,
        updated_at timestamp(6),
        status varchar(255) check (status in ('DELIVERED','PENDING','CANCEL','PAID','AWAITING')),
        primary key (id)
    )
2024-07-30T10:30:28.869+04:00 DEBUG 2876 --- [    Test worker] org.hibernate.SQL                        : 
    create table payment (
        amount numeric(38,2),
        customer_id bigint,
        id bigint generated by default as identity,
        order_id bigint,
        payment_date timestamp(6),
        payment_status varchar(255) check (payment_status in ('CREDIT_CARD','DEBIT_CARD','PAYPAL','APPLE_PAY','GOOGLE_PAY')),
        primary key (id)
    )
Hibernate: 
    create table payment (
        amount numeric(38,2),
        customer_id bigint,
        id bigint generated by default as identity,
        order_id bigint,
        payment_date timestamp(6),
        payment_status varchar(255) check (payment_status in ('CREDIT_CARD','DEBIT_CARD','PAYPAL','APPLE_PAY','GOOGLE_PAY')),
        primary key (id)
    )
2024-07-30T10:30:28.870+04:00 DEBUG 2876 --- [    Test worker] org.hibernate.SQL                        : 
    create table product_test (
        discount numeric(38,2),
        discount_price numeric(38,2),
        is_deleted boolean not null,
        price numeric(38,2),
        quantity integer not null,
        category_id bigint,
        created_at timestamp(6),
        id bigint generated by default as identity,
        updated_at timestamp(6),
        description varchar(255),
        image_url varchar(255),
        name varchar(255) unique,
        primary key (id)
    )
Hibernate: 
    create table product_test (
        discount numeric(38,2),
        discount_price numeric(38,2),
        is_deleted boolean not null,
        price numeric(38,2),
        quantity integer not null,
        category_id bigint,
        created_at timestamp(6),
        id bigint generated by default as identity,
        updated_at timestamp(6),
        description varchar(255),
        image_url varchar(255),
        name varchar(255) unique,
        primary key (id)
    )
2024-07-30T10:30:28.871+04:00 DEBUG 2876 --- [    Test worker] org.hibernate.SQL                        : 
    create table rating (
        rating integer,
        created_at timestamp(6),
        customer_id bigint,
        id bigint generated by default as identity,
        product_id bigint,
        primary key (id)
    )
Hibernate: 
    create table rating (
        rating integer,
        created_at timestamp(6),
        customer_id bigint,
        id bigint generated by default as identity,
        product_id bigint,
        primary key (id)
    )
2024-07-30T10:30:28.871+04:00 DEBUG 2876 --- [    Test worker] org.hibernate.SQL                        : 
    create table users_test (
        locked boolean not null,
        created_at timestamp(6),
        id bigint generated by default as identity,
        password varchar(255) unique,
        role varchar(255) check (role in ('USER','ADMIN')),
        username varchar(255),
        primary key (id)
    )
Hibernate: 
    create table users_test (
        locked boolean not null,
        created_at timestamp(6),
        id bigint generated by default as identity,
        password varchar(255) unique,
        role varchar(255) check (role in ('USER','ADMIN')),
        username varchar(255),
        primary key (id)
    )
2024-07-30T10:30:28.872+04:00 DEBUG 2876 --- [    Test worker] org.hibernate.SQL                        : 
    create table wishlist (
        created_at timestamp(6),
        customer_id bigint unique,
        id bigint generated by default as identity,
        primary key (id)
    )
Hibernate: 
    create table wishlist (
        created_at timestamp(6),
        customer_id bigint unique,
        id bigint generated by default as identity,
        primary key (id)
    )
2024-07-30T10:30:28.873+04:00 DEBUG 2876 --- [    Test worker] org.hibernate.SQL                        : 
    create table wishlist_item (
        created_at timestamp(6),
        id bigint generated by default as identity,
        product_id bigint,
        wishlist_id bigint,
        primary key (id)
    )
Hibernate: 
    create table wishlist_item (
        created_at timestamp(6),
        id bigint generated by default as identity,
        product_id bigint,
        wishlist_id bigint,
        primary key (id)
    )
2024-07-30T10:30:28.875+04:00 DEBUG 2876 --- [    Test worker] org.hibernate.SQL                        : 
    alter table if exists customer 
       add constraint FKark4ctv4ntkwoy4noakb0d8ml 
       foreign key (user_id) 
       references users_test
Hibernate: 
    alter table if exists customer 
       add constraint FKark4ctv4ntkwoy4noakb0d8ml 
       foreign key (user_id) 
       references users_test
2024-07-30T10:30:28.876+04:00 DEBUG 2876 --- [    Test worker] org.hibernate.SQL                        : 
    alter table if exists customer 
       add constraint FKpkpd7h3y46hd6mdeg7wqvpr5c 
       foreign key (wishlist_id) 
       references wishlist
Hibernate: 
    alter table if exists customer 
       add constraint FKpkpd7h3y46hd6mdeg7wqvpr5c 
       foreign key (wishlist_id) 
       references wishlist
2024-07-30T10:30:28.876+04:00 DEBUG 2876 --- [    Test worker] org.hibernate.SQL                        : 
    alter table if exists customer_discount 
       add constraint FK7dkdkmoy90h1bujr1rmanu0lv 
       foreign key (customer_id) 
       references customer
Hibernate: 
    alter table if exists customer_discount 
       add constraint FK7dkdkmoy90h1bujr1rmanu0lv 
       foreign key (customer_id) 
       references customer
2024-07-30T10:30:28.876+04:00 DEBUG 2876 --- [    Test worker] org.hibernate.SQL                        : 
    alter table if exists customer_discount 
       add constraint FKtrcs0xnvyl8qc2df5y7ylkjx4 
       foreign key (product_id) 
       references product_test
Hibernate: 
    alter table if exists customer_discount 
       add constraint FKtrcs0xnvyl8qc2df5y7ylkjx4 
       foreign key (product_id) 
       references product_test
2024-07-30T10:30:28.877+04:00 DEBUG 2876 --- [    Test worker] org.hibernate.SQL                        : 
    alter table if exists customer_card_details 
       add constraint FKmhdwuj27irdm4944qjnk0w85n 
       foreign key (customer_id) 
       references customer
Hibernate: 
    alter table if exists customer_card_details 
       add constraint FKmhdwuj27irdm4944qjnk0w85n 
       foreign key (customer_id) 
       references customer
2024-07-30T10:30:28.877+04:00 DEBUG 2876 --- [    Test worker] org.hibernate.SQL                        : 
    alter table if exists order_product 
       add constraint FKayh03vge4huu6s586xbfsykn9 
       foreign key (order_id) 
       references order_test
Hibernate: 
    alter table if exists order_product 
       add constraint FKayh03vge4huu6s586xbfsykn9 
       foreign key (order_id) 
       references order_test
2024-07-30T10:30:28.878+04:00 DEBUG 2876 --- [    Test worker] org.hibernate.SQL                        : 
    alter table if exists order_product 
       add constraint FKo602fm657h9jspk41f4gnmx22 
       foreign key (product_id) 
       references product_test
Hibernate: 
    alter table if exists order_product 
       add constraint FKo602fm657h9jspk41f4gnmx22 
       foreign key (product_id) 
       references product_test
2024-07-30T10:30:28.879+04:00 DEBUG 2876 --- [    Test worker] org.hibernate.SQL                        : 
    alter table if exists order_test 
       add constraint FK5sdaieho0j5cyeurhq25i4cec 
       foreign key (customer_id) 
       references customer
Hibernate: 
    alter table if exists order_test 
       add constraint FK5sdaieho0j5cyeurhq25i4cec 
       foreign key (customer_id) 
       references customer
2024-07-30T10:30:28.879+04:00 DEBUG 2876 --- [    Test worker] org.hibernate.SQL                        : 
    alter table if exists payment 
       add constraint FKby2skjf3ov608yb6nm16b49lg 
       foreign key (customer_id) 
       references customer
Hibernate: 
    alter table if exists payment 
       add constraint FKby2skjf3ov608yb6nm16b49lg 
       foreign key (customer_id) 
       references customer
2024-07-30T10:30:28.880+04:00 DEBUG 2876 --- [    Test worker] org.hibernate.SQL                        : 
    alter table if exists payment 
       add constraint FKhljpso7llgtyfun73rsnkkcqp 
       foreign key (order_id) 
       references order_test
Hibernate: 
    alter table if exists payment 
       add constraint FKhljpso7llgtyfun73rsnkkcqp 
       foreign key (order_id) 
       references order_test
2024-07-30T10:30:28.880+04:00 DEBUG 2876 --- [    Test worker] org.hibernate.SQL                        : 
    alter table if exists product_test 
       add constraint FK2hq85enq18gwx62b83r7bmaj8 
       foreign key (category_id) 
       references category_test
Hibernate: 
    alter table if exists product_test 
       add constraint FK2hq85enq18gwx62b83r7bmaj8 
       foreign key (category_id) 
       references category_test
[...]
        is_deleted boolean not null,
        category_id bigint generated by default as identity,
        description varchar(255),
        name varchar(255),
        primary key (category_id)
    )
2024-07-30T10:30:58.217+04:00 DEBUG 2876 --- [    Test worker] org.hibernate.SQL                        : 
    create table customer (
        balance numeric(38,2),
        id bigint generated by default as identity,
        registered_at timestamp(6),
        user_id bigint unique,
        wishlist_id bigint unique,
        address varchar(255),
        name varchar(255),
        surname varchar(255),
        primary key (id)
    )
Hibernate: 
    create table customer (
        balance numeric(38,2),
        id bigint generated by default as identity,
        registered_at timestamp(6),
        user_id bigint unique,
        wishlist_id bigint unique,
        address varchar(255),
        name varchar(255),
        surname varchar(255),
        primary key (id)
    )
2024-07-30T10:30:58.223+04:00 DEBUG 2876 --- [    Test worker] org.hibernate.SQL                        : 
    create table customer_discount (
        dice_rolled boolean not null,
        die1 integer not null,
        die2 integer not null,
        discount numeric(38,2),
        discount_price numeric(38,2),
        customer_id bigint unique,
        expires_at timestamp(6),
        id bigint generated by default as identity,
        product_id bigint,
        primary key (id),
        unique (customer_id, product_id)
    )
Hibernate: 
    create table customer_discount (
        dice_rolled boolean not null,
        die1 integer not null,
        die2 integer not null,
        discount numeric(38,2),
        discount_price numeric(38,2),
        customer_id bigint unique,
        expires_at timestamp(6),
        id bigint generated by default as identity,
        product_id bigint,
        primary key (id),
        unique (customer_id, product_id)
    )
2024-07-30T10:30:58.224+04:00 DEBUG 2876 --- [    Test worker] org.hibernate.SQL                        : 
    create table customer_card_details (
        card_balance numeric(38,2),
        expiration_date date,
        customer_id bigint,
        id bigint generated by default as identity,
        card_number varchar(255) unique,
        cvv varchar(255),
        primary key (id)
    )
Hibernate: 
    create table customer_card_details (
        card_balance numeric(38,2),
        expiration_date date,
        customer_id bigint,
        id bigint generated by default as identity,
        card_number varchar(255) unique,
        cvv varchar(255),
        primary key (id)
    )
2024-07-30T10:30:58.224+04:00 DEBUG 2876 --- [    Test worker] org.hibernate.SQL                        : 
    create table order_product (
        quantity integer not null,
        id bigint generated by default as identity,
        order_id bigint,
        product_id bigint,
        product_name varchar(255),
        primary key (id)
    )
Hibernate: 
    create table order_product (
        quantity integer not null,
        id bigint generated by default as identity,
        order_id bigint,
        product_id bigint,
        product_name varchar(255),
        primary key (id)
    )
2024-07-30T10:30:58.225+04:00 DEBUG 2876 --- [    Test worker] org.hibernate.SQL                        : 
    create table order_test (
        is_paid boolean not null,
        total_amount numeric(38,2),
        created_at timestamp(6),
        customer_id bigint,
        id bigint generated by default as identity,
        updated_at timestamp(6),
        status varchar(255) check (status in ('DELIVERED','PENDING','CANCEL','PAID','AWAITING')),
        primary key (id)
    )
Hibernate: 
    create table order_test (
        is_paid boolean not null,
        total_amount numeric(38,2),
        created_at timestamp(6),
        customer_id bigint,
        id bigint generated by default as identity,
        updated_at timestamp(6),
        status varchar(255) check (status in ('DELIVERED','PENDING','CANCEL','PAID','AWAITING')),
        primary key (id)
    )
2024-07-30T10:30:58.226+04:00 DEBUG 2876 --- [    Test worker] org.hibernate.SQL                        : 
    create table payment (
        amount numeric(38,2),
        customer_id bigint,
        id bigint generated by default as identity,
        order_id bigint,
        payment_date timestamp(6),
        payment_status varchar(255) check (payment_status in ('CREDIT_CARD','DEBIT_CARD','PAYPAL','APPLE_PAY','GOOGLE_PAY')),
        primary key (id)
    )
Hibernate: 
    create table payment (
        amount numeric(38,2),
        customer_id bigint,
        id bigint generated by default as identity,
        order_id bigint,
        payment_date timestamp(6),
        payment_status varchar(255) check (payment_status in ('CREDIT_CARD','DEBIT_CARD','PAYPAL','APPLE_PAY','GOOGLE_PAY')),
        primary key (id)
    )
2024-07-30T10:30:58.226+04:00 DEBUG 2876 --- [    Test worker] org.hibernate.SQL                        : 
    create table product_test (
        discount numeric(38,2),
        discount_price numeric(38,2),
        is_deleted boolean not null,
        price numeric(38,2),
        quantity integer not null,
        category_id bigint,
        created_at timestamp(6),
        id bigint generated by default as identity,
        updated_at timestamp(6),
        description varchar(255),
        image_url varchar(255),
        name varchar(255) unique,
        primary key (id)
    )
Hibernate: 
    create table product_test (
        discount numeric(38,2),
        discount_price numeric(38,2),
        is_deleted boolean not null,
        price numeric(38,2),
        quantity integer not null,
        category_id bigint,
        created_at timestamp(6),
        id bigint generated by default as identity,
        updated_at timestamp(6),
        description varchar(255),
        image_url varchar(255),
        name varchar(255) unique,
        primary key (id)
    )
2024-07-30T10:30:58.227+04:00 DEBUG 2876 --- [    Test worker] org.hibernate.SQL                        : 
    create table rating (
        rating integer,
        created_at timestamp(6),
        customer_id bigint,
        id bigint generated by default as identity,
        product_id bigint,
        primary key (id)
    )
Hibernate: 
    create table rating (
        rating integer,
        created_at timestamp(6),
        customer_id bigint,
        id bigint generated by default as identity,
        product_id bigint,
        primary key (id)
    )
2024-07-30T10:30:58.235+04:00 DEBUG 2876 --- [    Test worker] org.hibernate.SQL                        : 
    create table users_test (
        locked boolean not null,
        created_at timestamp(6),
        id bigint generated by default as identity,
        password varchar(255) unique,
        role varchar(255) check (role in ('USER','ADMIN')),
        username varchar(255),
        primary key (id)
    )
Hibernate: 
    create table users_test (
        locked boolean not null,
        created_at timestamp(6),
        id bigint generated by default as identity,
        password varchar(255) unique,
        role varchar(255) check (role in ('USER','ADMIN')),
        username varchar(255),
        primary key (id)
    )
2024-07-30T10:30:58.236+04:00 DEBUG 2876 --- [    Test worker] org.hibernate.SQL                        : 
    create table wishlist (
        created_at timestamp(6),
        customer_id bigint unique,
        id bigint generated by default as identity,
        primary key (id)
    )
Hibernate: 
    create table wishlist (
        created_at timestamp(6),
        customer_id bigint unique,
        id bigint generated by default as identity,
        primary key (id)
    )
2024-07-30T10:30:58.236+04:00 DEBUG 2876 --- [    Test worker] org.hibernate.SQL                        : 
    create table wishlist_item (
        created_at timestamp(6),
        id bigint generated by default as identity,
        product_id bigint,
        wishlist_id bigint,
        primary key (id)
    )
Hibernate: 
    create table wishlist_item (
        created_at timestamp(6),
        id bigint generated by default as identity,
        product_id bigint,
        wishlist_id bigint,
        primary key (id)
    )
2024-07-30T10:30:58.237+04:00 DEBUG 2876 --- [    Test worker] org.hibernate.SQL                        : 
    alter table if exists customer 
       add constraint FKark4ctv4ntkwoy4noakb0d8ml 
       foreign key (user_id) 
       references users_test
Hibernate: 
    alter table if exists customer 
       add constraint FKark4ctv4ntkwoy4noakb0d8ml 
       foreign key (user_id) 
       references users_test
2024-07-30T10:30:58.237+04:00 DEBUG 2876 --- [    Test worker] org.hibernate.SQL                        : 
    alter table if exists customer 
       add constraint FKpkpd7h3y46hd6mdeg7wqvpr5c 
       foreign key (wishlist_id) 
       references wishlist
Hibernate: 
    alter table if exists customer 
       add constraint FKpkpd7h3y46hd6mdeg7wqvpr5c 
       foreign key (wishlist_id) 
       references wishlist
2024-07-30T10:30:58.238+04:00 DEBUG 2876 --- [    Test worker] org.hibernate.SQL                        : 
    alter table if exists customer_discount 
       add constraint FK7dkdkmoy90h1bujr1rmanu0lv 
       foreign key (customer_id) 
       references customer
Hibernate: 
    alter table if exists customer_discount 
       add constraint FK7dkdkmoy90h1bujr1rmanu0lv 
       foreign key (customer_id) 
       references customer
2024-07-30T10:30:58.238+04:00 DEBUG 2876 --- [    Test worker] org.hibernate.SQL                        : 
    alter table if exists customer_discount 
       add constraint FKtrcs0xnvyl8qc2df5y7ylkjx4 
       foreign key (product_id) 
       references product_test
Hibernate: 
    alter table if exists customer_discount 
       add constraint FKtrcs0xnvyl8qc2df5y7ylkjx4 
       foreign key (product_id) 
       references product_test
2024-07-30T10:30:58.253+04:00 DEBUG 2876 --- [    Test worker] org.hibernate.SQL                        : 
    alter table if exists customer_card_details 
       add constraint FKmhdwuj27irdm4944qjnk0w85n 
       foreign key (customer_id) 
       references customer
Hibernate: 
    alter table if exists customer_card_details 
       add constraint FKmhdwuj27irdm4944qjnk0w85n 
       foreign key (customer_id) 
       references customer
2024-07-30T10:30:58.255+04:00 DEBUG 2876 --- [    Test worker] org.hibernate.SQL                        : 
    alter table if exists order_product 
       add constraint FKayh03vge4huu6s586xbfsykn9 
       foreign key (order_id) 
       references order_test
Hibernate: 
    alter table if exists order_product 
       add constraint FKayh03vge4huu6s586xbfsykn9 
       foreign key (order_id) 
       references order_test
2024-07-30T10:30:58.257+04:00 DEBUG 2876 --- [    Test worker] org.hibernate.SQL                        : 
    alter table if exists order_product 
       add constraint FKo602fm657h9jspk41f4gnmx22 
       foreign key (product_id) 
       references product_test
Hibernate: 
    alter table if exists order_product 
       add constraint FKo602fm657h9jspk41f4gnmx22 
       foreign key (product_id) 
       references product_test
2024-07-30T10:30:58.257+04:00 DEBUG 2876 --- [    Test worker] org.hibernate.SQL                        : 
    alter table if exists order_test 
       add constraint FK5sdaieho0j5cyeurhq25i4cec 
       foreign key (customer_id) 
       references customer
Hibernate: 
    alter table if exists order_test 
       add constraint FK5sdaieho0j5cyeurhq25i4cec 
       foreign key (customer_id) 
       references customer
2024-07-30T10:30:58.258+04:00 DEBUG 2876 --- [    Test worker] org.hibernate.SQL                        : 
    alter table if exists payment 
       add constraint FKby2skjf3ov608yb6nm16b49lg 
       foreign key (customer_id) 
       references customer
Hibernate: 
    alter table if exists payment 
       add constraint FKby2skjf3ov608yb6nm16b49lg 
       foreign key (customer_id) 
       references customer
2024-07-30T10:30:58.262+04:00 DEBUG 2876 --- [    Test worker] org.hibernate.SQL                        : 
    alter table if exists payment 
       add constraint FKhljpso7llgtyfun73rsnkkcqp 
       foreign key (order_id) 
       references order_test
Hibernate: 
    alter table if exists payment 
       add constraint FKhljpso7llgtyfun73rsnkkcqp 
       foreign key (order_id) 
       references order_test
2024-07-30T10:30:58.267+04:00 DEBUG 2876 --- [    Test worker] org.hibernate.SQL                        : 
    alter table if exists product_test 
       add constraint FK2hq85enq18gwx62b83r7bmaj8 
       foreign key (category_id) 
       references category_test
Hibernate: 
    alter table if exists product_test 
       add constraint FK2hq85enq18gwx62b83r7bmaj8 
       foreign key (category_id) 
       references category_test
2024-07-30T10:30:58.275+04:00 DEBUG 2876 --- [    Test worker] org.hibernate.SQL                        : 
    alter table if exists rating 
       add constraint FK92d54lg7br8t0wb68h23u4jkn 
       foreign key (customer_id) 
       references customer
Hibernate: 
    alter table if exists rating 
       add constraint FK92d54lg7br8t0wb68h23u4jkn 
       foreign key (customer_id) 
       references customer
2024-07-30T10:30:58.277+04:00 DEBUG 2876 --- [    Test worker] org.hibernate.SQL                        : 
    alter table if exists rating 
       add constraint FKkthk5w06fdouceg1vx51u26fh 
       foreign key (product_id) 
       references product_test
Hibernate: 
    alter table if exists rating 
       add constraint FKkthk5w06fdouceg1vx51u26fh 
       foreign key (product_id) 
       references product_test
2024-07-30T10:30:58.315+04:00 DEBUG 2876 --- [    Test worker] org.hibernate.SQL                        : 
    alter table if exists wishlist 
       add constraint FKb6xak0rjui1rsok8ll7ln59cs 
       foreign key (customer_id) 
       references customer
Hibernate: 
    alter table if exists wishlist 
       add constraint FKb6xak0rjui1rsok8ll7ln59cs 
       foreign key (customer_id) 
       references customer
2024-07-30T10:30:58.317+04:00 DEBUG 2876 --- [    Test worker] org.hibernate.SQL                        : 
    alter table if exists wishlist_item 
       add constraint FK5y7uu8ej8bpj54xbke3ak4x6 
       foreign key (product_id) 
       references product_test
Hibernate: 
    alter table if exists wishlist_item 
       add constraint FK5y7uu8ej8bpj54xbke3ak4x6 
       foreign key (product_id) 
       references product_test
2024-07-30T10:30:58.318+04:00 DEBUG 2876 --- [    Test worker] org.hibernate.SQL                        : 
    alter table if exists wishlist_item 
       add constraint FK5iw5sajivrxnt4qjxqlgo8yb1 
       foreign key (wishlist_id) 
       references wishlist
Hibernate: 
    alter table if exists wishlist_item 
       add constraint FK5iw5sajivrxnt4qjxqlgo8yb1 
       foreign key (wishlist_id) 
       references wishlist
2024-07-30T10:30:58.320+04:00  INFO 2876 --- [    Test worker] j.LocalContainerEntityManagerFactoryBean : Initialized JPA EntityManagerFactory for persistence unit 'default'
2024-07-30T10:30:58.911+04:00  WARN 2876 --- [    Test worker] JpaBaseConfiguration$JpaWebConfiguration : spring.jpa.open-in-view is enabled by default. Therefore, database queries may be performed during view rendering. Explicitly configure spring.jpa.open-in-view to disable this warning
2024-07-30T10:30:59.269+04:00  INFO 2876 --- [    Test worker] o.s.b.a.w.s.WelcomePageHandlerMapping    : Adding welcome page template: index
2024-07-30T10:30:59.773+04:00  INFO 2876 --- [    Test worker] o.s.b.a.e.web.EndpointLinksResolver      : Exposing 15 endpoint(s) beneath base path '/actuator'
2024-07-30T10:30:59.831+04:00  INFO 2876 --- [    Test worker] o.s.s.web.DefaultSecurityFilterChain     : Will secure any request with [org.springframework.security.web.session.DisableEncodeUrlFilter@1560f8cc, org.springframework.security.web.session.ForceEagerSessionCreationFilter@4f6ea037, org.springframework.security.web.context.request.async.WebAsyncManagerIntegrationFilter@7edf2ddc, org.springframework.security.web.context.SecurityContextHolderFilter@539fc3b7, org.springframework.security.web.header.HeaderWriterFilter@4d725178, org.springframework.web.filter.CorsFilter@7b5020b2, org.springframework.security.web.authentication.logout.LogoutFilter@46a7396b, com.example.springsecurity.security.JwtAuthenticationFilter@7ee13c02, org.springframework.security.web.authentication.www.BasicAuthenticationFilter@48e246d9, org.springframework.security.web.savedrequest.RequestCacheAwareFilter@423ed457, org.springframework.security.web.servletapi.SecurityContextHolderAwareRequestFilter@41c10ff3, org.springframework.security.web.authentication.AnonymousAuthenticationFilter@69e4018c, org.springframework.security.web.session.SessionManagementFilter@1abe54c9, org.springframework.security.web.access.ExceptionTranslationFilter@413d93ae, org.springframework.security.web.access.intercept.AuthorizationFilter@2a5afcb3]
2024-07-30T10:31:00.689+04:00  WARN 2876 --- [    Test worker] iguration$LoadBalancerCaffeineWarnLogger : Spring Cloud LoadBalancer is currently working with the default cache. While this cache implementation is useful for development and tests, it's recommended to use Caffeine cache in production.You can switch to using Caffeine cache, by adding it and org.springframework.cache.caffeine.CaffeineCacheManager to the classpath.
2024-07-30T10:31:00.743+04:00  INFO 2876 --- [    Test worker] o.s.b.w.embedded.tomcat.TomcatWebServer  : Tomcat started on port 55603 (http) with context path ''
2024-07-30T10:31:01.255+04:00  INFO 2876 --- [    Test worker] c.e.s.controller.ProductControllerTest   : Started ProductControllerTest in 4.87 seconds (process running for 155.076)
2024-07-30T10:31:01.277+04:00  INFO 2876 --- [-auto-38-exec-1] o.a.c.c.C.[Tomcat-2].[localhost].[/]     : Initializing Spring DispatcherServlet 'dispatcherServlet'
2024-07-30T10:31:01.277+04:00  INFO 2876 --- [-auto-38-exec-1] o.s.web.servlet.DispatcherServlet        : Initializing Servlet 'dispatcherServlet'
2024-07-30T10:31:01.279+04:00  INFO 2876 --- [-auto-38-exec-1] o.s.web.servlet.DispatcherServlet        : Completed initialization in 2 ms
2024-07-30T10:31:01.281+04:00  INFO 2876 --- [-auto-38-exec-1] c.e.s.security.JwtAuthenticationFilter   : Checking jwt token...
2024-07-30T10:31:01.296+04:00 DEBUG 2876 --- [-auto-38-exec-1] org.hibernate.SQL                        : 
    select
        p1_0.id,
        p1_0.category_id,
        p1_0.created_at,
        p1_0.description,
        p1_0.discount,
        p1_0.discount_price,
        p1_0.image_url,
        p1_0.is_deleted,
        p1_0.name,
        p1_0.price,
        p1_0.quantity,
        p1_0.updated_at 
    from
        product_test p1_0 
    where
        lower(p1_0.name) like lower(('%'||?||'%')) escape ''
Hibernate: 
    select
        p1_0.id,
        p1_0.category_id,
        p1_0.created_at,
        p1_0.description,
        p1_0.discount,
        p1_0.discount_price,
        p1_0.image_url,
        p1_0.is_deleted,
        p1_0.name,
        p1_0.price,
        p1_0.quantity,
        p1_0.updated_at 
    from
        product_test p1_0 
    where
        lower(p1_0.name) like lower(('%'||?||'%')) escape ''
2024-07-30T10:31:01.300+04:00 DEBUG 2876 --- [-auto-38-exec-1] org.hibernate.SQL                        : 
    select
        c1_0.category_id,
        c1_0.description,
        c1_0.is_deleted,
        c1_0.name 
    from
        category_test c1_0 
    where
        c1_0.category_id=?
Hibernate: 
    select
        c1_0.category_id,
        c1_0.description,
        c1_0.is_deleted,
        c1_0.name 
    from
        category_test c1_0 
    where
        c1_0.category_id=?
]]></system-out>
  <system-err><![CDATA[]]></system-err>
</testsuite>
